1694679651973	::1	/account
1694679662107	::1	/account.html
1694679662129	::1	/css/account.css
1694679676146	::1	/account/create
1694679801577	::1	/account/create
1694679806420	::1	/account/create
1694679811872	::1	/account.html
1694679811891	::1	/css/account.css
1694679825338	::1	/account/create
1694679975690	::1	/account.html
1694679975712	::1	/css/account.css
1694679994750	::1	/account/create
1694680040511	::1	/css/account.css
1694680045342	::1	/account/create
1694682855080	::1	/account/create
1694682874883	::1	/account/create
1694682882139	::1	/account/create
1694682895964	::1	/account/create
1694741345196	::1	/
1694741347265	::1	/account
1694741365237	::1	/account.html
1694741365253	::1	/css/account.css
1694741365328	::1	/favicon.ico
1694741389624	::1	/account.html
1694741389643	::1	/css/account.css
1694741421873	::1	/account.html
1694741421886	::1	/css/account.css
1694741428843	::1	/account.html
1694741428866	::1	/css/account.css
1694741452551	::1	/account.html
1694741452574	::1	/css/account.css
1694741456085	::1	/account
1694741491623	::1	/account.html
1694741491646	::1	/css/account.css
1694741568399	::1	/account.html
1694741568426	::1	/css/account.css
1694741604601	::1	/account
1694741732225	::1	/index.html
1694741750771	::1	/account.html
1694741750785	::1	/css/account.css
1694741767258	::1	/css/account.css
1694741773547	::1	/account
1694741833761	::1	/account
1694742071733	::1	/account
1694742244207	::1	/account.html
1694742244237	::1	/css/account.css
1694742266776	::1	/account
1694742994019	::1	/account
1694743013015	::1	/css/account.css
1694743015228	::1	/account
1694743253223	::1	/account
1694743336446	::1	/account
1694743354544	::1	/account
1694743386424	::1	/account
1694743442806	::1	/account
1694743672320	::1	/account
1694743706869	::1	/account
1694743737776	::1	/account
1694743775746	::1	/account
1694743805805	::1	/account
1694743841665	::1	/account
1694743872862	::1	/account
1694743939122	::1	/account
1694744067402	::1	/account
1694745044296	::1	/account
1694745085062	::1	/account
1694745328701	::1	/account
1694745366039	::1	/account
1694745451047	::1	/account
1694745487473	::1	/account
1694745794510	::1	/success.html
1694745794535	::1	/css/success.css
1694745824705	::1	/success.html
1694745824725	::1	/css/success.css
1694745862753	::1	/success.html
1694745862766	::1	/css/success.css
1694745863722	::1	/success.html
1694745863750	::1	/css/success.css
1694745870789	::1	/success.html
1694745870812	::1	/css/success.css
1694745877839	::1	/success.html
1694745877861	::1	/css/success.css
1694745885095	::1	/success.html
1694745885109	::1	/css/success.css
1694745905867	::1	/success.html
1694745905883	::1	/css/success.css
1694745928992	::1	/success.html
1694745929032	::1	/css/success.css
1694745978473	::1	/success.html
1694745978496	::1	/css/success.css
1694746029514	::1	/success.html
1694746029534	::1	/css/success.css
1694746047294	::1	/success.html
1694746047316	::1	/css/success.css
1694746060639	::1	/success.html
1694746060661	::1	/css/success.css
1694746062008	::1	/success.html
1694746062028	::1	/css/success.css
1694746062953	::1	/success.html
1694746062977	::1	/css/success.css
1694746063817	::1	/success.html
1694746063831	::1	/css/success.css
1694746064703	::1	/success.html
1694746064719	::1	/css/success.css
1694746065496	::1	/success.html
1694746065515	::1	/css/success.css
1694746066418	::1	/success.html
1694746066439	::1	/css/success.css
1694746067124	::1	/success.html
1694746067144	::1	/css/success.css
1694746068271	::1	/success.html
1694746068296	::1	/css/success.css
1694746069296	::1	/success.html
1694746069316	::1	/css/success.css
1694746082585	::1	/success.html
1694746082607	::1	/css/success.css
1694746088998	::1	/success.html
1694746089011	::1	/css/success.css
1694746121616	::1	/success.html
1694746121631	::1	/css/success.css
1694746135053	::1	/success.html
1694746135071	::1	/css/success.css
1694746155951	::1	/success.html
1694746155972	::1	/css/success.css
1694746166382	::1	/success.html
1694746166402	::1	/css/success.css
1694746176760	::1	/success.html
1694746176773	::1	/css/success.css
1694746177908	::1	/success.html
1694746177933	::1	/css/success.css
1694746178466	::1	/success.html
1694746178481	::1	/css/success.css
1694746178694	::1	/success.html
1694746178716	::1	/css/success.css
1694746178873	::1	/success.html
1694746178897	::1	/css/success.css
1694746179059	::1	/success.html
1694746179084	::1	/css/success.css
1694746179246	::1	/success.html
1694746179264	::1	/css/success.css
1694746179416	::1	/success.html
1694746179428	::1	/css/success.css
1694746179607	::1	/success.html
1694746179632	::1	/css/success.css
1694746179791	::1	/success.html
1694746179813	::1	/css/success.css
1694746179966	::1	/success.html
1694746179992	::1	/css/success.css
1694746180137	::1	/success.html
1694746180149	::1	/css/success.css
1694746180366	::1	/success.html
1694746180395	::1	/css/success.css
1694746191920	::1	/success.html
1694746191933	::1	/css/success.css
1694746198326	::1	/success.html
1694746198349	::1	/css/success.css
1694746262580	::1	/account
1694746262594	::1	/success.html
1694746262612	::1	/css/success.css
1694747380809	::1	/
1694747380834	::1	/css/index.css
1694747402377	::1	/
1694747402389	::1	/css/index.css
1694747419785	::1	/
1694747419803	::1	/css/index.css
1694747420841	::1	/
1694747420853	::1	/css/index.css
1694747443077	::1	/
1694747443090	::1	/css/index.css
1694747454829	::1	/
1694747454842	::1	/css/index.css
1694747488165	::1	/
1694747488181	::1	/css/index.css
1694747503517	::1	/
1694747503531	::1	/css/index.css
1694747523682	::1	/
1694747523695	::1	/css/index.css
1694747537476	::1	/
1694747537489	::1	/css/index.css
1694747549958	::1	/
1694747549983	::1	/css/index.css
1694747664779	::1	/
1694747664801	::1	/css/index.css
1694747679613	::1	/
1694747679627	::1	/css/index.css
1694747705679	::1	/
1694747705700	::1	/css/index.css
1694747711902	::1	/
1694747711917	::1	/css/index.css
1694747725711	::1	/
1694747725725	::1	/css/index.css
1694747762445	::1	/
1694747762460	::1	/css/index.css
1694747783312	::1	/
1694747783330	::1	/css/index.css
1694747791879	::1	/
1694747791893	::1	/css/index.css
1694747867361	::1	/
1694747867374	::1	/css/index.css
1694747868961	::1	/
1694747868981	::1	/css/index.css
1694747919923	::1	/
1694747919938	::1	/css/index.css
1694747936931	::1	/
1694747936943	::1	/css/index.css
1694747959635	::1	/
1694747959651	::1	/css/index.css
1694747968501	::1	/
1694747968513	::1	/css/index.css
1694748031859	::1	/
1694748031870	::1	/css/index.css
1694748060523	::1	/
1694748060539	::1	/css/index.css
1694748071268	::1	/
1694748071283	::1	/css/index.css
1694748177874	::1	/
1694748177894	::1	/css/index.css
1694748178873	::1	/
1694748178892	::1	/css/index.css
1694748289759	::1	/
1694748289771	::1	/css/index.css
1694748309170	::1	/
1694748309183	::1	/css/index.css
1694748349155	::1	/
1694748349169	::1	/css/index.css
1694748350288	::1	/
1694748350307	::1	/css/index.css
1694748351232	::1	/
1694748351253	::1	/css/index.css
1694748352239	::1	/
1694748352251	::1	/css/index.css
1694748353329	::1	/
1694748353353	::1	/css/index.css
1694748354231	::1	/
1694748354253	::1	/css/index.css
1694748354974	::1	/
1694748354999	::1	/css/index.css
1694748355701	::1	/
1694748355713	::1	/css/index.css
1694748393630	::1	/
1694748393640	::1	/css/index.css
1694748408104	::1	/
1694748408122	::1	/css/index.css
1694748439618	::1	/
1694748439632	::1	/css/index.css
1694748453344	::1	/
1694748453360	::1	/css/index.css
1694748536643	::1	/
1694748536659	::1	/css/index.css
1694748548826	::1	/
1694748548849	::1	/css/index.css
1694748564460	::1	/
1694748564472	::1	/css/index.css
1694748601572	::1	/
1694748601587	::1	/css/index.css
1694748645847	::1	/
1694748645864	::1	/css/index.css
1694748659603	::1	/
1694748659616	::1	/css/index.css
1694748674198	::1	/
1694748674212	::1	/css/index.css
1694748689673	::1	/
1694748689685	::1	/css/index.css
1694748690753	::1	/
1694748690769	::1	/css/index.css
1694748691422	::1	/
1694748691434	::1	/css/index.css
1694748692325	::1	/
1694748692338	::1	/css/index.css
1694748693080	::1	/
1694748693092	::1	/css/index.css
1694748724078	::1	/
1694748724092	::1	/css/index.css
1694748766749	::1	/
1694748766760	::1	/css/index.css
1694748792972	::1	/
1694748792985	::1	/css/index.css
1694748803289	::1	/
1694748803306	::1	/css/index.css
1694748818510	::1	/
1694748818524	::1	/css/index.css
1694748843279	::1	/
1694748843294	::1	/css/index.css
1694748876552	::1	/
1694748876568	::1	/css/index.css
1694748896755	::1	/
1694748896767	::1	/css/index.css
1694748946518	::1	/
1694748946530	::1	/css/index.css
1694748947966	::1	/
1694748947988	::1	/css/index.css
1694748959418	::1	/
1694748959436	::1	/css/index.css
1694748983209	::1	/
1694748983223	::1	/css/index.css
1694748998387	::1	/
1694748998401	::1	/css/index.css
1694749014145	::1	/
1694749014160	::1	/css/index.css
1694749032489	::1	/
1694749032506	::1	/css/index.css
1694749077736	::1	/
1694749077751	::1	/css/index.css
1694749081910	::1	/
1694749081929	::1	/css/index.css
1694749096736	::1	/
1694749096755	::1	/css/index.css
1694749124882	::1	/
1694749124897	::1	/css/index.css
1694749160906	::1	/
1694749160921	::1	/css/index.css
1694749169235	::1	/
1694749169249	::1	/css/index.css
1694749188460	::1	/
1694749188474	::1	/css/index.css
1694749189760	::1	/
1694749189771	::1	/css/index.css
1694749190700	::1	/
1694749190713	::1	/css/index.css
1694749191842	::1	/
1694749191857	::1	/css/index.css
1694749208187	::1	/
1694749208200	::1	/css/index.css
1694749228333	::1	/
1694749228352	::1	/css/index.css
1694749252977	::1	/
1694749252997	::1	/css/index.css
1694749272667	::1	/
1694749272680	::1	/css/index.css
1694749330745	::1	/
1694749330761	::1	/css/index.css
1694749410021	::1	/
1694749410040	::1	/css/index.css
1694749417998	::1	/
1694749418011	::1	/css/index.css
1694749450495	::1	/
1694749450509	::1	/css/index.css
1694749504988	::1	/
1694749505004	::1	/css/index.css
1694749674114	::1	/
1694749674144	::1	/css/index.css
1694749697098	::1	/
1694749697111	::1	/css/index.css
1694749698029	::1	/
1694749698047	::1	/css/index.css
1694749775073	::1	/
1694749775093	::1	/css/index.css
1694749788402	::1	/data
1694749797192	::1	/data
1694749868280	::1	/
1694749868306	::1	/css/index.css
1694749869376	::1	/
1694749869392	::1	/css/index.css
1694749880213	::1	/data
1694750118047	::1	/data
1694750408367	::1	/data
1694750409385	::1	/data
1694750409901	::1	/data
1694750410063	::1	/data
1694750410240	::1	/data
1694750410398	::1	/data
1694750410578	::1	/data
1694750410745	::1	/data
1694750410939	::1	/data
1694750411097	::1	/data
1694750411290	::1	/data
1694750411466	::1	/data
1694750411637	::1	/data
1694750411890	::1	/data
1694750443004	::1	/data
1694750444145	::1	/data
1694750444733	::1	/data
1694750444923	::1	/data
1694750445089	::1	/data
1694750445253	::1	/data
1694750449968	::1	/data
1694750521501	::1	/data
1694750522464	::1	/data
1694750523193	::1	/data
1694760373579	::1	/index.html
1694760373611	::1	/css/index.css
1694760380129	::1	/
1694760380145	::1	/css/index.css
1694760531486	::1	/
1694760531531	::1	/css/index.css
1694760531680	::1	/favicon.ico
1694760540790	::1	/css/index.css
1694760590188	::1	/
1694760590209	::1	/css/index.css
1694760591439	::1	/
1694760591494	::1	/css/index.css
1694760592163	::1	/
1694760592195	::1	/css/index.css
1694760599945	::1	/
1694760599972	::1	/css/index.css
1694760613259	::1	/
1694760613275	::1	/css/index.css
1694760620785	::1	/
1694760620799	::1	/css/index.css
1694760647419	::1	/
1694760647463	::1	/css/index.css
1694760708320	::1	/
1694760708367	::1	/css/index.css
1694760714558	::1	/
1694760714584	::1	/css/index.css
1694760730938	::1	/
1694760730965	::1	/css/index.css
1694760758962	::1	/
1694760758992	::1	/css/index.css
1694760769367	::1	/
1694760769387	::1	/css/index.css
1694760781997	::1	/
1694760782026	::1	/css/index.css
1694760791739	::1	/
1694760791780	::1	/css/index.css
1694760811200	::1	/
1694760811236	::1	/css/index.css
1694760819637	::1	/
1694760819682	::1	/css/index.css
1694760835906	::1	/
1694760835929	::1	/css/index.css
1694760852207	::1	/
1694760852243	::1	/css/index.css
1694943078861	::1	/
1694943078890	::1	/css/index.css
1694943078972	::1	/favicon.ico
